0 info it worked if it ends with ok
1 verbose cli [ 'node', '/usr/local/bin/npm', 'install', './test/test-adaptor' ]
2 info using npm@1.4.28
3 info using node@v0.10.33
4 verbose cache add [ './test/test-adaptor', null ]
5 verbose cache add name=undefined spec="./test/test-adaptor" args=["./test/test-adaptor",null]
6 verbose parsed url { protocol: null,
6 verbose parsed url   slashes: null,
6 verbose parsed url   auth: null,
6 verbose parsed url   host: null,
6 verbose parsed url   port: null,
6 verbose parsed url   hostname: null,
6 verbose parsed url   hash: null,
6 verbose parsed url   search: null,
6 verbose parsed url   query: null,
6 verbose parsed url   pathname: './test/test-adaptor',
6 verbose parsed url   path: './test/test-adaptor',
6 verbose parsed url   href: './test/test-adaptor' }
7 silly lockFile cb2e6d64-test-test-adaptor ./test/test-adaptor
8 verbose lock ./test/test-adaptor /Users/robertelroy/.npm/cb2e6d64-test-test-adaptor.lock
9 silly lockFile cb2e6d64-test-test-adaptor ./test/test-adaptor
10 silly lockFile cb2e6d64-test-test-adaptor ./test/test-adaptor
11 error addLocal Could not install ./test/test-adaptor
12 error Error: ENOENT, stat './test/test-adaptor'
13 error If you need help, you may report this *entire* log,
13 error including the npm and node versions, at:
13 error     <http://github.com/npm/npm/issues>
14 error System Darwin 13.4.0
15 error command "node" "/usr/local/bin/npm" "install" "./test/test-adaptor"
16 error cwd /Users/robertelroy/ruby_projects/capstone
17 error node -v v0.10.33
18 error npm -v 1.4.28
19 error path ./test/test-adaptor
20 error code ENOENT
21 error errno 34
22 verbose exit [ 34, true ]
